slurmstepd: info: Setting TMPDIR to /scratch/6959480. Previous errors about TMPDIR can be discarded
python/3.9.9 loaded
jupyter-server/1.13.5-python-3.9.9 loaded
jupyterlab/3.2.4-python-3.9.9 loaded
Architecture:                    x86_64
CPU op-mode(s):                  32-bit, 64-bit
Byte Order:                      Little Endian
Address sizes:                   46 bits physical, 57 bits virtual
CPU(s):                          64
On-line CPU(s) list:             0-63
Thread(s) per core:              1
Core(s) per socket:              32
Socket(s):                       2
NUMA node(s):                    4
Vendor ID:                       GenuineIntel
CPU family:                      6
Model:                           106
Model name:                      Intel(R) Xeon(R) Platinum 8352Y CPU @ 2.20GHz
Stepping:                        6
CPU MHz:                         2800.000
CPU max MHz:                     3400.0000
CPU min MHz:                     800.0000
BogoMIPS:                        4400.00
Virtualization:                  VT-x
L1d cache:                       3 MiB
L1i cache:                       2 MiB
L2 cache:                        80 MiB
L3 cache:                        96 MiB
NUMA node0 CPU(s):               0-15
NUMA node1 CPU(s):               16-31
NUMA node2 CPU(s):               32-47
NUMA node3 CPU(s):               48-63
Vulnerability Itlb multihit:     Not affected
Vulnerability L1tf:              Not affected
Vulnerability Mds:               Not affected
Vulnerability Meltdown:          Not affected
Vulnerability Spec store bypass: Mitigation; Speculative Store Bypass disabled via prctl and seccomp
Vulnerability Spectre v1:        Mitigation; usercopy/swapgs barriers and __user pointer sanitization
Vulnerability Spectre v2:        Mitigation; Enhanced IBRS, IBPB conditional, RSB filling
Vulnerability Srbds:             Not affected
Vulnerability Tsx async abort:   Not affected
Flags:                           fpu vme de pse tsc msr pae mce cx8 apic sep mtrr pge mca cmov pat pse36 clflush dts acpi mmx fxsr sse sse2 ss ht tm pbe syscall nx pdpe1gb rdtscp lm constant_tsc art arch_perfmon pebs bts rep_good nopl xtopology nonstop_tsc cpuid aperfmperf pni pclmulqdq dtes64 monitor ds_cpl vmx smx est tm2 ssse3 sdbg fma cx16 xtpr pdcm pcid dca sse4_1 sse4_2 x2apic movbe popcnt tsc_deadline_timer aes xsave avx f16c rdrand lahf_lm abm 3dnowprefetch cpuid_fault epb cat_l3 invpcid_single intel_ppin ssbd mba ibrs ibpb stibp ibrs_enhanced tpr_shadow vnmi flexpriority ept vpid ept_ad fsgsbase tsc_adjust bmi1 hle avx2 smep bmi2 erms invpcid cqm rdt_a avx512f avx512dq rdseed adx smap avx512ifma clflushopt clwb intel_pt avx512cd sha_ni avx512bw avx512vl xsaveopt xsavec xgetbv1 xsaves cqm_llc cqm_occup_llc cqm_mbm_total cqm_mbm_local split_lock_detect wbnoinvd dtherm ida arat pln pts hwp hwp_act_window hwp_epp hwp_pkg_req avx512vbmi umip pku ospke avx512_vbmi2 gfni vaes vpclmulqdq avx512_vnni avx512_bitalg tme avx512_vpopcntdq la57 rdpid fsrm md_clear pconfig flush_l1d arch_capabilities
INFO: Using numpy backend
[Parallel(n_jobs=-1)]: Using backend LokyBackend with 64 concurrent workers.
INFO: Using numpy backend
INFO: Using numpy backend
INFO: Using numpy backend
INFO: Using numpy backend
INFO: Using numpy backend
INFO: Using numpy backend
INFO: Using numpy backend
INFO: Using numpy backend
INFO: Using numpy backend
INFO: Using numpy backend
INFO: Using numpy backend
INFO: Using numpy backend
INFO: Using numpy backend
INFO: Using numpy backend
INFO: Using numpy backend
INFO: Using numpy backend
INFO: Using numpy backend
INFO: Using numpy backend
INFO: Using numpy backend
INFO: Using numpy backend
INFO: Using numpy backend
INFO: Using numpy backend
INFO: Using numpy backend
INFO: Using numpy backend
INFO: Using numpy backend
INFO: Using numpy backend
INFO: Using numpy backend
INFO: Using numpy backend
INFO: Using numpy backend
INFO: Using numpy backend
INFO: Using numpy backend
INFO: Using numpy backend
INFO: Using numpy backend
INFO: Using numpy backend
INFO: Using numpy backend
INFO: Using numpy backend
INFO: Using numpy backend
INFO: Using numpy backend
INFO: Using numpy backend
INFO: Using numpy backend
INFO: Using numpy backend
INFO: Using numpy backend
INFO: Using numpy backend
INFO: Using numpy backend
INFO: Using numpy backend
INFO: Using numpy backend
INFO: Using numpy backend
INFO: Using numpy backend
INFO: Using numpy backend
INFO: Using numpy backend
INFO: Using numpy backend
INFO: Using numpy backend
INFO: Using numpy backend
INFO: Using numpy backend
INFO: Using numpy backend
INFO: Using numpy backend
INFO: Using numpy backend
INFO: Using numpy backend
INFO: Using numpy backend
INFO: Using numpy backend
INFO: Using numpy backend
INFO: Using numpy backend
INFO: Using numpy backend
INFO: Using numpy backend
WARNING: Maximum number of iterations 32 reached. The mean may be inaccurate
WARNING: Maximum number of iterations 32 reached. The mean may be inaccurate
WARNING: Maximum number of iterations 32 reached. The mean may be inaccurate
WARNING: Maximum number of iterations 32 reached. The mean may be inaccurate
WARNING: Maximum number of iterations 32 reached. The mean may be inaccurate
WARNING: Maximum number of iterations 32 reached. The mean may be inaccurate
WARNING: Maximum number of iterations 32 reached. The mean may be inaccurate
WARNING: Maximum number of iterations 32 reached. The mean may be inaccurate
WARNING: Maximum number of iterations 32 reached. The mean may be inaccurate
WARNING: Maximum number of iterations 32 reached. The mean may be inaccurate
WARNING: Maximum number of iterations 32 reached. The mean may be inaccurate
WARNING: Maximum number of iterations 32 reached. The mean may be inaccurate
WARNING: Maximum number of iterations 32 reached. The mean may be inaccurate
WARNING: Maximum number of iterations 32 reached. The mean may be inaccurate
WARNING: Maximum number of iterations 32 reached. The mean may be inaccurate
WARNING: Maximum number of iterations 32 reached. The mean may be inaccurate
WARNING: Maximum number of iterations 32 reached. The mean may be inaccurate
WARNING: Maximum number of iterations 32 reached. The mean may be inaccurate
WARNING: Maximum number of iterations 32 reached. The mean may be inaccurate
WARNING: Maximum number of iterations 32 reached. The mean may be inaccurate
WARNING: Maximum number of iterations 32 reached. The mean may be inaccurate
WARNING: Maximum number of iterations 32 reached. The mean may be inaccurate
WARNING: Maximum number of iterations 32 reached. The mean may be inaccurate
WARNING: Maximum number of iterations 32 reached. The mean may be inaccurate
WARNING: Maximum number of iterations 32 reached. The mean may be inaccurate
WARNING: Maximum number of iterations 32 reached. The mean may be inaccurate
WARNING: Maximum number of iterations 32 reached. The mean may be inaccurate
WARNING: Maximum number of iterations 32 reached. The mean may be inaccurate
WARNING: Maximum number of iterations 32 reached. The mean may be inaccurate
WARNING: Maximum number of iterations 32 reached. The mean may be inaccurate
WARNING: Maximum number of iterations 32 reached. The mean may be inaccurate
WARNING: Maximum number of iterations 32 reached. The mean may be inaccurate
WARNING: Maximum number of iterations 32 reached. The mean may be inaccurate
WARNING: Maximum number of iterations 32 reached. The mean may be inaccurate
WARNING: Maximum number of iterations 32 reached. The mean may be inaccurate
WARNING: Maximum number of iterations 32 reached. The mean may be inaccurate
WARNING: Maximum number of iterations 32 reached. The mean may be inaccurate
WARNING: Maximum number of iterations 32 reached. The mean may be inaccurate
WARNING: Maximum number of iterations 32 reached. The mean may be inaccurate
WARNING: Maximum number of iterations 32 reached. The mean may be inaccurate
WARNING: Maximum number of iterations 32 reached. The mean may be inaccurate
WARNING: Maximum number of iterations 32 reached. The mean may be inaccurate
WARNING: Maximum number of iterations 32 reached. The mean may be inaccurate
WARNING: Maximum number of iterations 32 reached. The mean may be inaccurate
WARNING: Maximum number of iterations 32 reached. The mean may be inaccurate
WARNING: Maximum number of iterations 32 reached. The mean may be inaccurate
WARNING: Maximum number of iterations 32 reached. The mean may be inaccurate
WARNING: Maximum number of iterations 32 reached. The mean may be inaccurate
WARNING: Maximum number of iterations 32 reached. The mean may be inaccurate
WARNING: Maximum number of iterations 32 reached. The mean may be inaccurate
WARNING: Maximum number of iterations 32 reached. The mean may be inaccurate
WARNING: Maximum number of iterations 32 reached. The mean may be inaccurate
WARNING: Maximum number of iterations 32 reached. The mean may be inaccurate
WARNING: Maximum number of iterations 32 reached. The mean may be inaccurate
WARNING: Maximum number of iterations 32 reached. The mean may be inaccurate
WARNING: Maximum number of iterations 32 reached. The mean may be inaccurate
WARNING: Maximum number of iterations 32 reached. The mean may be inaccurate
WARNING: Maximum number of iterations 32 reached. The mean may be inaccurate
WARNING: Maximum number of iterations 32 reached. The mean may be inaccurate
WARNING: Maximum number of iterations 32 reached. The mean may be inaccurate
WARNING: Maximum number of iterations 32 reached. The mean may be inaccurate
WARNING: Maximum number of iterations 32 reached. The mean may be inaccurate
WARNING: Maximum number of iterations 32 reached. The mean may be inaccurate
WARNING: Maximum number of iterations 32 reached. The mean may be inaccurate
WARNING: Maximum number of iterations 32 reached. The mean may be inaccurate
WARNING: Maximum number of iterations 32 reached. The mean may be inaccurate
WARNING: Maximum number of iterations 32 reached. The mean may be inaccurate
WARNING: Maximum number of iterations 32 reached. The mean may be inaccurate
WARNING: Maximum number of iterations 32 reached. The mean may be inaccurate
WARNING: Maximum number of iterations 32 reached. The mean may be inaccurate
WARNING: Maximum number of iterations 32 reached. The mean may be inaccurate
WARNING: Maximum number of iterations 32 reached. The mean may be inaccurate
WARNING: Maximum number of iterations 32 reached. The mean may be inaccurate
WARNING: Maximum number of iterations 32 reached. The mean may be inaccurate
WARNING: Maximum number of iterations 32 reached. The mean may be inaccurate
WARNING: Maximum number of iterations 32 reached. The mean may be inaccurate
WARNING: Maximum number of iterations 32 reached. The mean may be inaccurate
WARNING: Maximum number of iterations 32 reached. The mean may be inaccurate
WARNING: Maximum number of iterations 32 reached. The mean may be inaccurate
WARNING: Maximum number of iterations 32 reached. The mean may be inaccurate
WARNING: Maximum number of iterations 32 reached. The mean may be inaccurate
WARNING: Maximum number of iterations 32 reached. The mean may be inaccurate
WARNING: Maximum number of iterations 32 reached. The mean may be inaccurate
WARNING: Maximum number of iterations 32 reached. The mean may be inaccurate
WARNING: Maximum number of iterations 32 reached. The mean may be inaccurate
WARNING: Maximum number of iterations 32 reached. The mean may be inaccurate
WARNING: Maximum number of iterations 32 reached. The mean may be inaccurate
WARNING: Maximum number of iterations 32 reached. The mean may be inaccurate
WARNING: Maximum number of iterations 32 reached. The mean may be inaccurate
WARNING: Maximum number of iterations 32 reached. The mean may be inaccurate
WARNING: Maximum number of iterations 32 reached. The mean may be inaccurate
WARNING: Maximum number of iterations 32 reached. The mean may be inaccurate
WARNING: Maximum number of iterations 32 reached. The mean may be inaccurate
WARNING: Maximum number of iterations 32 reached. The mean may be inaccurate
WARNING: Maximum number of iterations 32 reached. The mean may be inaccurate
WARNING: Maximum number of iterations 32 reached. The mean may be inaccurate
WARNING: Maximum number of iterations 32 reached. The mean may be inaccurate
WARNING: Maximum number of iterations 32 reached. The mean may be inaccurate
WARNING: Maximum number of iterations 32 reached. The mean may be inaccurate
WARNING: Maximum number of iterations 32 reached. The mean may be inaccurate
WARNING: Maximum number of iterations 32 reached. The mean may be inaccurate
WARNING: Maximum number of iterations 32 reached. The mean may be inaccurate
WARNING: Maximum number of iterations 32 reached. The mean may be inaccurate
WARNING: Maximum number of iterations 32 reached. The mean may be inaccurate
WARNING: Maximum number of iterations 32 reached. The mean may be inaccurate
WARNING: Maximum number of iterations 32 reached. The mean may be inaccurate
WARNING: Maximum number of iterations 32 reached. The mean may be inaccurate
WARNING: Maximum number of iterations 32 reached. The mean may be inaccurate
WARNING: Maximum number of iterations 32 reached. The mean may be inaccurate
WARNING: Maximum number of iterations 32 reached. The mean may be inaccurate
WARNING: Maximum number of iterations 32 reached. The mean may be inaccurate
WARNING: Maximum number of iterations 32 reached. The mean may be inaccurate
WARNING: Maximum number of iterations 32 reached. The mean may be inaccurate
WARNING: Maximum number of iterations 32 reached. The mean may be inaccurate
WARNING: Maximum number of iterations 32 reached. The mean may be inaccurate
WARNING: Maximum number of iterations 32 reached. The mean may be inaccurate
WARNING: Maximum number of iterations 32 reached. The mean may be inaccurate
/home/usc/ei/ega/.local/lib/python3.9/site-packages/sklearn/base.py:1474: ConvergenceWarning: Number of distinct clusters (1) found smaller than n_clusters (2). Possibly due to duplicate points in X.
  return fit_method(estimator, *args, **kwargs)
WARNING: Maximum number of iterations 32 reached. The mean may be inaccurate
WARNING: Maximum number of iterations 32 reached. The mean may be inaccurate
WARNING: Maximum number of iterations 32 reached. The mean may be inaccurate
WARNING: Maximum number of iterations 32 reached. The mean may be inaccurate
WARNING: Maximum number of iterations 32 reached. The mean may be inaccurate
WARNING: Maximum number of iterations 32 reached. The mean may be inaccurate
WARNING: Maximum number of iterations 32 reached. The mean may be inaccurate
WARNING: Maximum number of iterations 32 reached. The mean may be inaccurate
WARNING: Maximum number of iterations 32 reached. The mean may be inaccurate
WARNING: Maximum number of iterations 32 reached. The mean may be inaccurate
WARNING: Maximum number of iterations 32 reached. The mean may be inaccurate
WARNING: Maximum number of iterations 32 reached. The mean may be inaccurate
WARNING: Maximum number of iterations 32 reached. The mean may be inaccurate
WARNING: Maximum number of iterations 32 reached. The mean may be inaccurate
WARNING: Maximum number of iterations 32 reached. The mean may be inaccurate
WARNING: Maximum number of iterations 32 reached. The mean may be inaccurate
WARNING: Maximum number of iterations 32 reached. The mean may be inaccurate
WARNING: Maximum number of iterations 32 reached. The mean may be inaccurate
WARNING: Maximum number of iterations 32 reached. The mean may be inaccurate
WARNING: Maximum number of iterations 32 reached. The mean may be inaccurate
WARNING: Maximum number of iterations 32 reached. The mean may be inaccurate
WARNING: Maximum number of iterations 32 reached. The mean may be inaccurate
WARNING: Maximum number of iterations 32 reached. The mean may be inaccurate
WARNING: Maximum number of iterations 32 reached. The mean may be inaccurate
WARNING: Maximum number of iterations 32 reached. The mean may be inaccurate
WARNING: Maximum number of iterations 32 reached. The mean may be inaccurate
WARNING: Maximum number of iterations 32 reached. The mean may be inaccurate
WARNING: Maximum number of iterations 32 reached. The mean may be inaccurate
WARNING: Maximum number of iterations 32 reached. The mean may be inaccurate
WARNING: Maximum number of iterations 32 reached. The mean may be inaccurate
WARNING: Maximum number of iterations 32 reached. The mean may be inaccurate
WARNING: Maximum number of iterations 32 reached. The mean may be inaccurate
WARNING: Maximum number of iterations 32 reached. The mean may be inaccurate
WARNING: Maximum number of iterations 32 reached. The mean may be inaccurate
WARNING: Maximum number of iterations 32 reached. The mean may be inaccurate
WARNING: Maximum number of iterations 32 reached. The mean may be inaccurate
WARNING: Maximum number of iterations 32 reached. The mean may be inaccurate
WARNING: Maximum number of iterations 32 reached. The mean may be inaccurate
WARNING: Maximum number of iterations 32 reached. The mean may be inaccurate
WARNING: Maximum number of iterations 32 reached. The mean may be inaccurate
WARNING: Maximum number of iterations 32 reached. The mean may be inaccurate
WARNING: Maximum number of iterations 32 reached. The mean may be inaccurate
WARNING: Maximum number of iterations 32 reached. The mean may be inaccurate
WARNING: Maximum number of iterations 32 reached. The mean may be inaccurate
WARNING: Maximum number of iterations 32 reached. The mean may be inaccurate
WARNING: Maximum number of iterations 32 reached. The mean may be inaccurate
WARNING: Maximum number of iterations 32 reached. The mean may be inaccurate
WARNING: Maximum number of iterations 32 reached. The mean may be inaccurate
WARNING: Maximum number of iterations 32 reached. The mean may be inaccurate
WARNING: Maximum number of iterations 32 reached. The mean may be inaccurate
WARNING: Maximum number of iterations 32 reached. The mean may be inaccurate
WARNING: Maximum number of iterations 32 reached. The mean may be inaccurate
WARNING: Maximum number of iterations 32 reached. The mean may be inaccurate
WARNING: Maximum number of iterations 32 reached. The mean may be inaccurate
WARNING: Maximum number of iterations 32 reached. The mean may be inaccurate
WARNING: Maximum number of iterations 32 reached. The mean may be inaccurate
WARNING: Maximum number of iterations 32 reached. The mean may be inaccurate
/home/usc/ei/ega/.local/lib/python3.9/site-packages/sklearn/base.py:1474: ConvergenceWarning: Number of distinct clusters (1) found smaller than n_clusters (2). Possibly due to duplicate points in X.
  return fit_method(estimator, *args, **kwargs)
WARNING: Maximum number of iterations 32 reached. The mean may be inaccurate
WARNING: Maximum number of iterations 32 reached. The mean may be inaccurate
WARNING: Maximum number of iterations 32 reached. The mean may be inaccurate
WARNING: Maximum number of iterations 32 reached. The mean may be inaccurate
WARNING: Maximum number of iterations 32 reached. The mean may be inaccurate
WARNING: Maximum number of iterations 32 reached. The mean may be inaccurate
WARNING: Maximum number of iterations 32 reached. The mean may be inaccurate
WARNING: Maximum number of iterations 32 reached. The mean may be inaccurate
WARNING: Maximum number of iterations 32 reached. The mean may be inaccurate
WARNING: Maximum number of iterations 32 reached. The mean may be inaccurate
WARNING: Maximum number of iterations 32 reached. The mean may be inaccurate
/home/usc/ei/ega/.local/lib/python3.9/site-packages/sklearn/base.py:1474: ConvergenceWarning: Number of distinct clusters (1) found smaller than n_clusters (2). Possibly due to duplicate points in X.
  return fit_method(estimator, *args, **kwargs)
WARNING: Maximum number of iterations 32 reached. The mean may be inaccurate
WARNING: Maximum number of iterations 32 reached. The mean may be inaccurate
WARNING: Maximum number of iterations 32 reached. The mean may be inaccurate
WARNING: Maximum number of iterations 32 reached. The mean may be inaccurate
WARNING: Maximum number of iterations 32 reached. The mean may be inaccurate
WARNING: Maximum number of iterations 32 reached. The mean may be inaccurate
WARNING: Maximum number of iterations 32 reached. The mean may be inaccurate
WARNING: Maximum number of iterations 32 reached. The mean may be inaccurate
WARNING: Maximum number of iterations 32 reached. The mean may be inaccurate
WARNING: Maximum number of iterations 32 reached. The mean may be inaccurate
WARNING: Maximum number of iterations 32 reached. The mean may be inaccurate
WARNING: Maximum number of iterations 32 reached. The mean may be inaccurate
WARNING: Maximum number of iterations 32 reached. The mean may be inaccurate
WARNING: Maximum number of iterations 32 reached. The mean may be inaccurate
WARNING: Maximum number of iterations 32 reached. The mean may be inaccurate
WARNING: Maximum number of iterations 32 reached. The mean may be inaccurate
WARNING: Maximum number of iterations 32 reached. The mean may be inaccurate
WARNING: Maximum number of iterations 32 reached. The mean may be inaccurate
WARNING: Maximum number of iterations 32 reached. The mean may be inaccurate
WARNING: Maximum number of iterations 32 reached. The mean may be inaccurate
WARNING: Maximum number of iterations 32 reached. The mean may be inaccurate
WARNING: Maximum number of iterations 32 reached. The mean may be inaccurate
WARNING: Maximum number of iterations 32 reached. The mean may be inaccurate
WARNING: Maximum number of iterations 32 reached. The mean may be inaccurate
WARNING: Maximum number of iterations 32 reached. The mean may be inaccurate
WARNING: Maximum number of iterations 32 reached. The mean may be inaccurate
WARNING: Maximum number of iterations 32 reached. The mean may be inaccurate
WARNING: Maximum number of iterations 32 reached. The mean may be inaccurate
WARNING: Maximum number of iterations 32 reached. The mean may be inaccurate
WARNING: Maximum number of iterations 32 reached. The mean may be inaccurate
WARNING: Maximum number of iterations 32 reached. The mean may be inaccurate
WARNING: Maximum number of iterations 32 reached. The mean may be inaccurate
WARNING: Maximum number of iterations 32 reached. The mean may be inaccurate
WARNING: Maximum number of iterations 32 reached. The mean may be inaccurate
WARNING: Maximum number of iterations 32 reached. The mean may be inaccurate
[Parallel(n_jobs=-1)]: Done   1 tasks      | elapsed: 16.9min
WARNING: Maximum number of iterations 32 reached. The mean may be inaccurate
WARNING: Maximum number of iterations 32 reached. The mean may be inaccurate
WARNING: Maximum number of iterations 32 reached. The mean may be inaccurate
WARNING: Maximum number of iterations 32 reached. The mean may be inaccurate
WARNING: Maximum number of iterations 32 reached. The mean may be inaccurate
[Parallel(n_jobs=-1)]: Done   3 out of  64 | elapsed: 17.4min remaining: 354.3min
WARNING: Maximum number of iterations 32 reached. The mean may be inaccurate
WARNING: Maximum number of iterations 32 reached. The mean may be inaccurate
WARNING: Maximum number of iterations 32 reached. The mean may be inaccurate
WARNING: Maximum number of iterations 32 reached. The mean may be inaccurate
WARNING: Maximum number of iterations 32 reached. The mean may be inaccurate
WARNING: Maximum number of iterations 32 reached. The mean may be inaccurate
WARNING: Maximum number of iterations 32 reached. The mean may be inaccurate
[Parallel(n_jobs=-1)]: Done   5 out of  64 | elapsed: 17.7min remaining: 209.2min
WARNING: Maximum number of iterations 32 reached. The mean may be inaccurate
WARNING: Maximum number of iterations 32 reached. The mean may be inaccurate
[Parallel(n_jobs=-1)]: Done   7 out of  64 | elapsed: 17.9min remaining: 145.4min
WARNING: Maximum number of iterations 32 reached. The mean may be inaccurate
WARNING: Maximum number of iterations 32 reached. The mean may be inaccurate
WARNING: Maximum number of iterations 32 reached. The mean may be inaccurate
WARNING: Maximum number of iterations 32 reached. The mean may be inaccurate
WARNING: Maximum number of iterations 32 reached. The mean may be inaccurate
WARNING: Maximum number of iterations 32 reached. The mean may be inaccurate
WARNING: Maximum number of iterations 32 reached. The mean may be inaccurate
WARNING: Maximum number of iterations 32 reached. The mean may be inaccurate
WARNING: Maximum number of iterations 32 reached. The mean may be inaccurate
WARNING: Maximum number of iterations 32 reached. The mean may be inaccurate
WARNING: Maximum number of iterations 32 reached. The mean may be inaccurate
WARNING: Maximum number of iterations 32 reached. The mean may be inaccurate
WARNING: Maximum number of iterations 32 reached. The mean may be inaccurate
WARNING: Maximum number of iterations 32 reached. The mean may be inaccurate
WARNING: Maximum number of iterations 32 reached. The mean may be inaccurate
WARNING: Maximum number of iterations 32 reached. The mean may be inaccurate
WARNING: Maximum number of iterations 32 reached. The mean may be inaccurate
WARNING: Maximum number of iterations 32 reached. The mean may be inaccurate
WARNING: Maximum number of iterations 32 reached. The mean may be inaccurate
WARNING: Maximum number of iterations 32 reached. The mean may be inaccurate
WARNING: Maximum number of iterations 32 reached. The mean may be inaccurate
WARNING: Maximum number of iterations 32 reached. The mean may be inaccurate
WARNING: Maximum number of iterations 32 reached. The mean may be inaccurate
WARNING: Maximum number of iterations 32 reached. The mean may be inaccurate
WARNING: Maximum number of iterations 32 reached. The mean may be inaccurate
WARNING: Maximum number of iterations 32 reached. The mean may be inaccurate
[Parallel(n_jobs=-1)]: Done   9 out of  64 | elapsed: 18.0min remaining: 110.1min
WARNING: Maximum number of iterations 32 reached. The mean may be inaccurate
WARNING: Maximum number of iterations 32 reached. The mean may be inaccurate
WARNING: Maximum number of iterations 32 reached. The mean may be inaccurate
WARNING: Maximum number of iterations 32 reached. The mean may be inaccurate
[Parallel(n_jobs=-1)]: Done  11 out of  64 | elapsed: 18.2min remaining: 87.7min
WARNING: Maximum number of iterations 32 reached. The mean may be inaccurate
WARNING: Maximum number of iterations 32 reached. The mean may be inaccurate
WARNING: Maximum number of iterations 32 reached. The mean may be inaccurate
[Parallel(n_jobs=-1)]: Done  13 out of  64 | elapsed: 18.3min remaining: 71.9min
WARNING: Maximum number of iterations 32 reached. The mean may be inaccurate
WARNING: Maximum number of iterations 32 reached. The mean may be inaccurate
WARNING: Maximum number of iterations 32 reached. The mean may be inaccurate
WARNING: Maximum number of iterations 32 reached. The mean may be inaccurate
WARNING: Maximum number of iterations 32 reached. The mean may be inaccurate
WARNING: Maximum number of iterations 32 reached. The mean may be inaccurate
WARNING: Maximum number of iterations 32 reached. The mean may be inaccurate
WARNING: Maximum number of iterations 32 reached. The mean may be inaccurate
WARNING: Maximum number of iterations 32 reached. The mean may be inaccurate
WARNING: Maximum number of iterations 32 reached. The mean may be inaccurate
WARNING: Maximum number of iterations 32 reached. The mean may be inaccurate
WARNING: Maximum number of iterations 32 reached. The mean may be inaccurate
WARNING: Maximum number of iterations 32 reached. The mean may be inaccurate
WARNING: Maximum number of iterations 32 reached. The mean may be inaccurate
WARNING: Maximum number of iterations 32 reached. The mean may be inaccurate
WARNING: Maximum number of iterations 32 reached. The mean may be inaccurate
WARNING: Maximum number of iterations 32 reached. The mean may be inaccurate
WARNING: Maximum number of iterations 32 reached. The mean may be inaccurate
WARNING: Maximum number of iterations 32 reached. The mean may be inaccurate
WARNING: Maximum number of iterations 32 reached. The mean may be inaccurate
WARNING: Maximum number of iterations 32 reached. The mean may be inaccurate
WARNING: Maximum number of iterations 32 reached. The mean may be inaccurate
WARNING: Maximum number of iterations 32 reached. The mean may be inaccurate
WARNING: Maximum number of iterations 32 reached. The mean may be inaccurate
WARNING: Maximum number of iterations 32 reached. The mean may be inaccurate
WARNING: Maximum number of iterations 32 reached. The mean may be inaccurate
WARNING: Maximum number of iterations 32 reached. The mean may be inaccurate
WARNING: Maximum number of iterations 32 reached. The mean may be inaccurate
WARNING: Maximum number of iterations 32 reached. The mean may be inaccurate
WARNING: Maximum number of iterations 32 reached. The mean may be inaccurate
WARNING: Maximum number of iterations 32 reached. The mean may be inaccurate
WARNING: Maximum number of iterations 32 reached. The mean may be inaccurate
WARNING: Maximum number of iterations 32 reached. The mean may be inaccurate
WARNING: Maximum number of iterations 32 reached. The mean may be inaccurate
WARNING: Maximum number of iterations 32 reached. The mean may be inaccurate
WARNING: Maximum number of iterations 32 reached. The mean may be inaccurate
WARNING: Maximum number of iterations 32 reached. The mean may be inaccurate
WARNING: Maximum number of iterations 32 reached. The mean may be inaccurate
WARNING: Maximum number of iterations 32 reached. The mean may be inaccurate
WARNING: Maximum number of iterations 32 reached. The mean may be inaccurate
WARNING: Maximum number of iterations 32 reached. The mean may be inaccurate
WARNING: Maximum number of iterations 32 reached. The mean may be inaccurate
WARNING: Maximum number of iterations 32 reached. The mean may be inaccurate
WARNING: Maximum number of iterations 32 reached. The mean may be inaccurate
WARNING: Maximum number of iterations 32 reached. The mean may be inaccurate
WARNING: Maximum number of iterations 32 reached. The mean may be inaccurate
WARNING: Maximum number of iterations 32 reached. The mean may be inaccurate
WARNING: Maximum number of iterations 32 reached. The mean may be inaccurate
WARNING: Maximum number of iterations 32 reached. The mean may be inaccurate
WARNING: Maximum number of iterations 32 reached. The mean may be inaccurate
[Parallel(n_jobs=-1)]: Done  15 out of  64 | elapsed: 19.0min remaining: 62.2min
WARNING: Maximum number of iterations 32 reached. The mean may be inaccurate
WARNING: Maximum number of iterations 32 reached. The mean may be inaccurate
WARNING: Maximum number of iterations 32 reached. The mean may be inaccurate
WARNING: Maximum number of iterations 32 reached. The mean may be inaccurate
WARNING: Maximum number of iterations 32 reached. The mean may be inaccurate
WARNING: Maximum number of iterations 32 reached. The mean may be inaccurate
WARNING: Maximum number of iterations 32 reached. The mean may be inaccurate
WARNING: Maximum number of iterations 32 reached. The mean may be inaccurate
WARNING: Maximum number of iterations 32 reached. The mean may be inaccurate
WARNING: Maximum number of iterations 32 reached. The mean may be inaccurate
WARNING: Maximum number of iterations 32 reached. The mean may be inaccurate
WARNING: Maximum number of iterations 32 reached. The mean may be inaccurate
WARNING: Maximum number of iterations 32 reached. The mean may be inaccurate
WARNING: Maximum number of iterations 32 reached. The mean may be inaccurate
WARNING: Maximum number of iterations 32 reached. The mean may be inaccurate
WARNING: Maximum number of iterations 32 reached. The mean may be inaccurate
WARNING: Maximum number of iterations 32 reached. The mean may be inaccurate
WARNING: Maximum number of iterations 32 reached. The mean may be inaccurate
WARNING: Maximum number of iterations 32 reached. The mean may be inaccurate
WARNING: Maximum number of iterations 32 reached. The mean may be inaccurate
WARNING: Maximum number of iterations 32 reached. The mean may be inaccurate
WARNING: Maximum number of iterations 32 reached. The mean may be inaccurate
WARNING: Maximum number of iterations 32 reached. The mean may be inaccurate
/home/usc/ei/ega/.local/lib/python3.9/site-packages/sklearn/base.py:1474: ConvergenceWarning: Number of distinct clusters (1) found smaller than n_clusters (2). Possibly due to duplicate points in X.
  return fit_method(estimator, *args, **kwargs)
WARNING: Maximum number of iterations 32 reached. The mean may be inaccurate
WARNING: Maximum number of iterations 32 reached. The mean may be inaccurate
WARNING: Maximum number of iterations 32 reached. The mean may be inaccurate
WARNING: Maximum number of iterations 32 reached. The mean may be inaccurate
WARNING: Maximum number of iterations 32 reached. The mean may be inaccurate
WARNING: Maximum number of iterations 32 reached. The mean may be inaccurate
WARNING: Maximum number of iterations 32 reached. The mean may be inaccurate
WARNING: Maximum number of iterations 32 reached. The mean may be inaccurate
WARNING: Maximum number of iterations 32 reached. The mean may be inaccurate
WARNING: Maximum number of iterations 32 reached. The mean may be inaccurate
WARNING: Maximum number of iterations 32 reached. The mean may be inaccurate
WARNING: Maximum number of iterations 32 reached. The mean may be inaccurate
WARNING: Maximum number of iterations 32 reached. The mean may be inaccurate
WARNING: Maximum number of iterations 32 reached. The mean may be inaccurate
WARNING: Maximum number of iterations 32 reached. The mean may be inaccurate
WARNING: Maximum number of iterations 32 reached. The mean may be inaccurate
WARNING: Maximum number of iterations 32 reached. The mean may be inaccurate
WARNING: Maximum number of iterations 32 reached. The mean may be inaccurate
WARNING: Maximum number of iterations 32 reached. The mean may be inaccurate
WARNING: Maximum number of iterations 32 reached. The mean may be inaccurate
WARNING: Maximum number of iterations 32 reached. The mean may be inaccurate
WARNING: Maximum number of iterations 32 reached. The mean may be inaccurate
WARNING: Maximum number of iterations 32 reached. The mean may be inaccurate
WARNING: Maximum number of iterations 32 reached. The mean may be inaccurate
WARNING: Maximum number of iterations 32 reached. The mean may be inaccurate
WARNING: Maximum number of iterations 32 reached. The mean may be inaccurate
WARNING: Maximum number of iterations 32 reached. The mean may be inaccurate
WARNING: Maximum number of iterations 32 reached. The mean may be inaccurate
WARNING: Maximum number of iterations 32 reached. The mean may be inaccurate
WARNING: Maximum number of iterations 32 reached. The mean may be inaccurate
WARNING: Maximum number of iterations 32 reached. The mean may be inaccurate
WARNING: Maximum number of iterations 32 reached. The mean may be inaccurate
WARNING: Maximum number of iterations 32 reached. The mean may be inaccurate
WARNING: Maximum number of iterations 32 reached. The mean may be inaccurate
WARNING: Maximum number of iterations 32 reached. The mean may be inaccurate
WARNING: Maximum number of iterations 32 reached. The mean may be inaccurate
WARNING: Maximum number of iterations 32 reached. The mean may be inaccurate
WARNING: Maximum number of iterations 32 reached. The mean may be inaccurate
WARNING: Maximum number of iterations 32 reached. The mean may be inaccurate
WARNING: Maximum number of iterations 32 reached. The mean may be inaccurate
WARNING: Maximum number of iterations 32 reached. The mean may be inaccurate
WARNING: Maximum number of iterations 32 reached. The mean may be inaccurate
WARNING: Maximum number of iterations 32 reached. The mean may be inaccurate
WARNING: Maximum number of iterations 32 reached. The mean may be inaccurate
WARNING: Maximum number of iterations 32 reached. The mean may be inaccurate
WARNING: Maximum number of iterations 32 reached. The mean may be inaccurate
WARNING: Maximum number of iterations 32 reached. The mean may be inaccurate
WARNING: Maximum number of iterations 32 reached. The mean may be inaccurate
WARNING: Maximum number of iterations 32 reached. The mean may be inaccurate
WARNING: Maximum number of iterations 32 reached. The mean may be inaccurate
WARNING: Maximum number of iterations 32 reached. The mean may be inaccurate
WARNING: Maximum number of iterations 32 reached. The mean may be inaccurate
WARNING: Maximum number of iterations 32 reached. The mean may be inaccurate
WARNING: Maximum number of iterations 32 reached. The mean may be inaccurate
WARNING: Maximum number of iterations 32 reached. The mean may be inaccurate
WARNING: Maximum number of iterations 32 reached. The mean may be inaccurate
WARNING: Maximum number of iterations 32 reached. The mean may be inaccurate
WARNING: Maximum number of iterations 32 reached. The mean may be inaccurate
WARNING: Maximum number of iterations 32 reached. The mean may be inaccurate
WARNING: Maximum number of iterations 32 reached. The mean may be inaccurate
WARNING: Maximum number of iterations 32 reached. The mean may be inaccurate
WARNING: Maximum number of iterations 32 reached. The mean may be inaccurate
WARNING: Maximum number of iterations 32 reached. The mean may be inaccurate
WARNING: Maximum number of iterations 32 reached. The mean may be inaccurate
WARNING: Maximum number of iterations 32 reached. The mean may be inaccurate
WARNING: Maximum number of iterations 32 reached. The mean may be inaccurate
WARNING: Maximum number of iterations 32 reached. The mean may be inaccurate
WARNING: Maximum number of iterations 32 reached. The mean may be inaccurate
WARNING: Maximum number of iterations 32 reached. The mean may be inaccurate
WARNING: Maximum number of iterations 32 reached. The mean may be inaccurate
WARNING: Maximum number of iterations 32 reached. The mean may be inaccurate
WARNING: Maximum number of iterations 32 reached. The mean may be inaccurate
WARNING: Maximum number of iterations 32 reached. The mean may be inaccurate
WARNING: Maximum number of iterations 32 reached. The mean may be inaccurate
WARNING: Maximum number of iterations 32 reached. The mean may be inaccurate
WARNING: Maximum number of iterations 32 reached. The mean may be inaccurate
WARNING: Maximum number of iterations 32 reached. The mean may be inaccurate
WARNING: Maximum number of iterations 32 reached. The mean may be inaccurate
[Parallel(n_jobs=-1)]: Done  17 out of  64 | elapsed: 32.9min remaining: 90.8min
[Parallel(n_jobs=-1)]: Done  19 out of  64 | elapsed: 33.0min remaining: 78.2min
WARNING: Maximum number of iterations 32 reached. The mean may be inaccurate
WARNING: Maximum number of iterations 32 reached. The mean may be inaccurate
WARNING: Maximum number of iterations 32 reached. The mean may be inaccurate
WARNING: Maximum number of iterations 32 reached. The mean may be inaccurate
[Parallel(n_jobs=-1)]: Done  21 out of  64 | elapsed: 33.4min remaining: 68.5min
WARNING: Maximum number of iterations 32 reached. The mean may be inaccurate
[Parallel(n_jobs=-1)]: Done  23 out of  64 | elapsed: 33.7min remaining: 60.0min
WARNING: Maximum number of iterations 32 reached. The mean may be inaccurate
WARNING: Maximum number of iterations 32 reached. The mean may be inaccurate
WARNING: Maximum number of iterations 32 reached. The mean may be inaccurate
WARNING: Maximum number of iterations 32 reached. The mean may be inaccurate
WARNING: Maximum number of iterations 32 reached. The mean may be inaccurate
WARNING: Maximum number of iterations 32 reached. The mean may be inaccurate
WARNING: Maximum number of iterations 32 reached. The mean may be inaccurate
WARNING: Maximum number of iterations 32 reached. The mean may be inaccurate
WARNING: Maximum number of iterations 32 reached. The mean may be inaccurate
WARNING: Maximum number of iterations 32 reached. The mean may be inaccurate
WARNING: Maximum number of iterations 32 reached. The mean may be inaccurate
WARNING: Maximum number of iterations 32 reached. The mean may be inaccurate
WARNING: Maximum number of iterations 32 reached. The mean may be inaccurate
WARNING: Maximum number of iterations 32 reached. The mean may be inaccurate
WARNING: Maximum number of iterations 32 reached. The mean may be inaccurate
WARNING: Maximum number of iterations 32 reached. The mean may be inaccurate
WARNING: Maximum number of iterations 32 reached. The mean may be inaccurate
WARNING: Maximum number of iterations 32 reached. The mean may be inaccurate
WARNING: Maximum number of iterations 32 reached. The mean may be inaccurate
WARNING: Maximum number of iterations 32 reached. The mean may be inaccurate
WARNING: Maximum number of iterations 32 reached. The mean may be inaccurate
WARNING: Maximum number of iterations 32 reached. The mean may be inaccurate
WARNING: Maximum number of iterations 32 reached. The mean may be inaccurate
WARNING: Maximum number of iterations 32 reached. The mean may be inaccurate
WARNING: Maximum number of iterations 32 reached. The mean may be inaccurate
WARNING: Maximum number of iterations 32 reached. The mean may be inaccurate
WARNING: Maximum number of iterations 32 reached. The mean may be inaccurate
WARNING: Maximum number of iterations 32 reached. The mean may be inaccurate
WARNING: Maximum number of iterations 32 reached. The mean may be inaccurate
WARNING: Maximum number of iterations 32 reached. The mean may be inaccurate
WARNING: Maximum number of iterations 32 reached. The mean may be inaccurate
WARNING: Maximum number of iterations 32 reached. The mean may be inaccurate
WARNING: Maximum number of iterations 32 reached. The mean may be inaccurate
WARNING: Maximum number of iterations 32 reached. The mean may be inaccurate
WARNING: Maximum number of iterations 32 reached. The mean may be inaccurate
[Parallel(n_jobs=-1)]: Done  25 out of  64 | elapsed: 34.0min remaining: 53.0min
WARNING: Maximum number of iterations 32 reached. The mean may be inaccurate
WARNING: Maximum number of iterations 32 reached. The mean may be inaccurate
WARNING: Maximum number of iterations 32 reached. The mean may be inaccurate
WARNING: Maximum number of iterations 32 reached. The mean may be inaccurate
WARNING: Maximum number of iterations 32 reached. The mean may be inaccurate
[Parallel(n_jobs=-1)]: Done  27 out of  64 | elapsed: 34.6min remaining: 47.4min
WARNING: Maximum number of iterations 32 reached. The mean may be inaccurate
WARNING: Maximum number of iterations 32 reached. The mean may be inaccurate
WARNING: Maximum number of iterations 32 reached. The mean may be inaccurate
WARNING: Maximum number of iterations 32 reached. The mean may be inaccurate
WARNING: Maximum number of iterations 32 reached. The mean may be inaccurate
WARNING: Maximum number of iterations 32 reached. The mean may be inaccurate
WARNING: Maximum number of iterations 32 reached. The mean may be inaccurate
WARNING: Maximum number of iterations 32 reached. The mean may be inaccurate
WARNING: Maximum number of iterations 32 reached. The mean may be inaccurate
WARNING: Maximum number of iterations 32 reached. The mean may be inaccurate
WARNING: Maximum number of iterations 32 reached. The mean may be inaccurate
WARNING: Maximum number of iterations 32 reached. The mean may be inaccurate
WARNING: Maximum number of iterations 32 reached. The mean may be inaccurate
WARNING: Maximum number of iterations 32 reached. The mean may be inaccurate
WARNING: Maximum number of iterations 32 reached. The mean may be inaccurate
WARNING: Maximum number of iterations 32 reached. The mean may be inaccurate
WARNING: Maximum number of iterations 32 reached. The mean may be inaccurate
WARNING: Maximum number of iterations 32 reached. The mean may be inaccurate
WARNING: Maximum number of iterations 32 reached. The mean may be inaccurate
WARNING: Maximum number of iterations 32 reached. The mean may be inaccurate
WARNING: Maximum number of iterations 32 reached. The mean may be inaccurate
WARNING: Maximum number of iterations 32 reached. The mean may be inaccurate
WARNING: Maximum number of iterations 32 reached. The mean may be inaccurate
WARNING: Maximum number of iterations 32 reached. The mean may be inaccurate
WARNING: Maximum number of iterations 32 reached. The mean may be inaccurate
WARNING: Maximum number of iterations 32 reached. The mean may be inaccurate
WARNING: Maximum number of iterations 32 reached. The mean may be inaccurate
WARNING: Maximum number of iterations 32 reached. The mean may be inaccurate
WARNING: Maximum number of iterations 32 reached. The mean may be inaccurate
WARNING: Maximum number of iterations 32 reached. The mean may be inaccurate
WARNING: Maximum number of iterations 32 reached. The mean may be inaccurate
WARNING: Maximum number of iterations 32 reached. The mean may be inaccurate
WARNING: Maximum number of iterations 32 reached. The mean may be inaccurate
WARNING: Maximum number of iterations 32 reached. The mean may be inaccurate
WARNING: Maximum number of iterations 32 reached. The mean may be inaccurate
WARNING: Maximum number of iterations 32 reached. The mean may be inaccurate
WARNING: Maximum number of iterations 32 reached. The mean may be inaccurate
WARNING: Maximum number of iterations 32 reached. The mean may be inaccurate
WARNING: Maximum number of iterations 32 reached. The mean may be inaccurate
WARNING: Maximum number of iterations 32 reached. The mean may be inaccurate
WARNING: Maximum number of iterations 32 reached. The mean may be inaccurate
WARNING: Maximum number of iterations 32 reached. The mean may be inaccurate
WARNING: Maximum number of iterations 32 reached. The mean may be inaccurate
WARNING: Maximum number of iterations 32 reached. The mean may be inaccurate
WARNING: Maximum number of iterations 32 reached. The mean may be inaccurate
WARNING: Maximum number of iterations 32 reached. The mean may be inaccurate
WARNING: Maximum number of iterations 32 reached. The mean may be inaccurate
WARNING: Maximum number of iterations 32 reached. The mean may be inaccurate
WARNING: Maximum number of iterations 32 reached. The mean may be inaccurate
WARNING: Maximum number of iterations 32 reached. The mean may be inaccurate
WARNING: Maximum number of iterations 32 reached. The mean may be inaccurate
WARNING: Maximum number of iterations 32 reached. The mean may be inaccurate
WARNING: Maximum number of iterations 32 reached. The mean may be inaccurate
WARNING: Maximum number of iterations 32 reached. The mean may be inaccurate
WARNING: Maximum number of iterations 32 reached. The mean may be inaccurate
WARNING: Maximum number of iterations 32 reached. The mean may be inaccurate
WARNING: Maximum number of iterations 32 reached. The mean may be inaccurate
/home/usc/ei/ega/.local/lib/python3.9/site-packages/sklearn/base.py:1474: ConvergenceWarning: Number of distinct clusters (1) found smaller than n_clusters (2). Possibly due to duplicate points in X.
  return fit_method(estimator, *args, **kwargs)
WARNING: Maximum number of iterations 32 reached. The mean may be inaccurate
WARNING: Maximum number of iterations 32 reached. The mean may be inaccurate
WARNING: Maximum number of iterations 32 reached. The mean may be inaccurate
WARNING: Maximum number of iterations 32 reached. The mean may be inaccurate
WARNING: Maximum number of iterations 32 reached. The mean may be inaccurate
WARNING: Maximum number of iterations 32 reached. The mean may be inaccurate
WARNING: Maximum number of iterations 32 reached. The mean may be inaccurate
WARNING: Maximum number of iterations 32 reached. The mean may be inaccurate
WARNING: Maximum number of iterations 32 reached. The mean may be inaccurate
WARNING: Maximum number of iterations 32 reached. The mean may be inaccurate
WARNING: Maximum number of iterations 32 reached. The mean may be inaccurate
WARNING: Maximum number of iterations 32 reached. The mean may be inaccurate
WARNING: Maximum number of iterations 32 reached. The mean may be inaccurate
WARNING: Maximum number of iterations 32 reached. The mean may be inaccurate
WARNING: Maximum number of iterations 32 reached. The mean may be inaccurate
WARNING: Maximum number of iterations 32 reached. The mean may be inaccurate
WARNING: Maximum number of iterations 32 reached. The mean may be inaccurate
WARNING: Maximum number of iterations 32 reached. The mean may be inaccurate
WARNING: Maximum number of iterations 32 reached. The mean may be inaccurate
WARNING: Maximum number of iterations 32 reached. The mean may be inaccurate
WARNING: Maximum number of iterations 32 reached. The mean may be inaccurate
WARNING: Maximum number of iterations 32 reached. The mean may be inaccurate
WARNING: Maximum number of iterations 32 reached. The mean may be inaccurate
WARNING: Maximum number of iterations 32 reached. The mean may be inaccurate
WARNING: Maximum number of iterations 32 reached. The mean may be inaccurate
WARNING: Maximum number of iterations 32 reached. The mean may be inaccurate
WARNING: Maximum number of iterations 32 reached. The mean may be inaccurate
[Parallel(n_jobs=-1)]: Done  29 out of  64 | elapsed: 56.1min remaining: 67.8min
WARNING: Maximum number of iterations 32 reached. The mean may be inaccurate
WARNING: Maximum number of iterations 32 reached. The mean may be inaccurate
WARNING: Maximum number of iterations 32 reached. The mean may be inaccurate
WARNING: Maximum number of iterations 32 reached. The mean may be inaccurate
WARNING: Maximum number of iterations 32 reached. The mean may be inaccurate
WARNING: Maximum number of iterations 32 reached. The mean may be inaccurate
WARNING: Maximum number of iterations 32 reached. The mean may be inaccurate
WARNING: Maximum number of iterations 32 reached. The mean may be inaccurate
WARNING: Maximum number of iterations 32 reached. The mean may be inaccurate
WARNING: Maximum number of iterations 32 reached. The mean may be inaccurate
WARNING: Maximum number of iterations 32 reached. The mean may be inaccurate
WARNING: Maximum number of iterations 32 reached. The mean may be inaccurate
WARNING: Maximum number of iterations 32 reached. The mean may be inaccurate
WARNING: Maximum number of iterations 32 reached. The mean may be inaccurate
WARNING: Maximum number of iterations 32 reached. The mean may be inaccurate
WARNING: Maximum number of iterations 32 reached. The mean may be inaccurate
[Parallel(n_jobs=-1)]: Done  31 out of  64 | elapsed: 56.6min remaining: 60.3min
[Parallel(n_jobs=-1)]: Done  33 out of  64 | elapsed: 56.7min remaining: 53.3min
[Parallel(n_jobs=-1)]: Done  35 out of  64 | elapsed: 56.8min remaining: 47.0min
WARNING: Maximum number of iterations 32 reached. The mean may be inaccurate
[Parallel(n_jobs=-1)]: Done  37 out of  64 | elapsed: 56.9min remaining: 41.5min
WARNING: Maximum number of iterations 32 reached. The mean may be inaccurate
WARNING: Maximum number of iterations 32 reached. The mean may be inaccurate
WARNING: Maximum number of iterations 32 reached. The mean may be inaccurate
WARNING: Maximum number of iterations 32 reached. The mean may be inaccurate
WARNING: Maximum number of iterations 32 reached. The mean may be inaccurate
WARNING: Maximum number of iterations 32 reached. The mean may be inaccurate
WARNING: Maximum number of iterations 32 reached. The mean may be inaccurate
WARNING: Maximum number of iterations 32 reached. The mean may be inaccurate
[Parallel(n_jobs=-1)]: Done  39 out of  64 | elapsed: 57.2min remaining: 36.6min
WARNING: Maximum number of iterations 32 reached. The mean may be inaccurate
WARNING: Maximum number of iterations 32 reached. The mean may be inaccurate
[Parallel(n_jobs=-1)]: Done  41 out of  64 | elapsed: 57.3min remaining: 32.2min
WARNING: Maximum number of iterations 32 reached. The mean may be inaccurate
WARNING: Maximum number of iterations 32 reached. The mean may be inaccurate
WARNING: Maximum number of iterations 32 reached. The mean may be inaccurate
WARNING: Maximum number of iterations 32 reached. The mean may be inaccurate
WARNING: Maximum number of iterations 32 reached. The mean may be inaccurate
WARNING: Maximum number of iterations 32 reached. The mean may be inaccurate
WARNING: Maximum number of iterations 32 reached. The mean may be inaccurate
[Parallel(n_jobs=-1)]: Done  43 out of  64 | elapsed: 57.7min remaining: 28.2min
WARNING: Maximum number of iterations 32 reached. The mean may be inaccurate
[Parallel(n_jobs=-1)]: Done  45 out of  64 | elapsed: 57.7min remaining: 24.4min
WARNING: Maximum number of iterations 32 reached. The mean may be inaccurate
WARNING: Maximum number of iterations 32 reached. The mean may be inaccurate
WARNING: Maximum number of iterations 32 reached. The mean may be inaccurate
WARNING: Maximum number of iterations 32 reached. The mean may be inaccurate
WARNING: Maximum number of iterations 32 reached. The mean may be inaccurate
WARNING: Maximum number of iterations 32 reached. The mean may be inaccurate
WARNING: Maximum number of iterations 32 reached. The mean may be inaccurate
WARNING: Maximum number of iterations 32 reached. The mean may be inaccurate
WARNING: Maximum number of iterations 32 reached. The mean may be inaccurate
WARNING: Maximum number of iterations 32 reached. The mean may be inaccurate
WARNING: Maximum number of iterations 32 reached. The mean may be inaccurate
WARNING: Maximum number of iterations 32 reached. The mean may be inaccurate
WARNING: Maximum number of iterations 32 reached. The mean may be inaccurate
WARNING: Maximum number of iterations 32 reached. The mean may be inaccurate
WARNING: Maximum number of iterations 32 reached. The mean may be inaccurate
WARNING: Maximum number of iterations 32 reached. The mean may be inaccurate
WARNING: Maximum number of iterations 32 reached. The mean may be inaccurate
WARNING: Maximum number of iterations 32 reached. The mean may be inaccurate
WARNING: Maximum number of iterations 32 reached. The mean may be inaccurate
WARNING: Maximum number of iterations 32 reached. The mean may be inaccurate
/home/usc/ei/ega/.local/lib/python3.9/site-packages/sklearn/base.py:1474: ConvergenceWarning: Number of distinct clusters (1) found smaller than n_clusters (2). Possibly due to duplicate points in X.
  return fit_method(estimator, *args, **kwargs)
WARNING: Maximum number of iterations 32 reached. The mean may be inaccurate
WARNING: Maximum number of iterations 32 reached. The mean may be inaccurate
WARNING: Maximum number of iterations 32 reached. The mean may be inaccurate
WARNING: Maximum number of iterations 32 reached. The mean may be inaccurate
WARNING: Maximum number of iterations 32 reached. The mean may be inaccurate
WARNING: Maximum number of iterations 32 reached. The mean may be inaccurate
WARNING: Maximum number of iterations 32 reached. The mean may be inaccurate
WARNING: Maximum number of iterations 32 reached. The mean may be inaccurate
WARNING: Maximum number of iterations 32 reached. The mean may be inaccurate
WARNING: Maximum number of iterations 32 reached. The mean may be inaccurate
WARNING: Maximum number of iterations 32 reached. The mean may be inaccurate
WARNING: Maximum number of iterations 32 reached. The mean may be inaccurate
WARNING: Maximum number of iterations 32 reached. The mean may be inaccurate
WARNING: Maximum number of iterations 32 reached. The mean may be inaccurate
WARNING: Maximum number of iterations 32 reached. The mean may be inaccurate
/home/usc/ei/ega/.local/lib/python3.9/site-packages/sklearn/base.py:1474: ConvergenceWarning: Number of distinct clusters (1) found smaller than n_clusters (2). Possibly due to duplicate points in X.
  return fit_method(estimator, *args, **kwargs)
WARNING: Maximum number of iterations 32 reached. The mean may be inaccurate
WARNING: Maximum number of iterations 32 reached. The mean may be inaccurate
WARNING: Maximum number of iterations 32 reached. The mean may be inaccurate
WARNING: Maximum number of iterations 32 reached. The mean may be inaccurate
WARNING: Maximum number of iterations 32 reached. The mean may be inaccurate
WARNING: Maximum number of iterations 32 reached. The mean may be inaccurate
/home/usc/ei/ega/.local/lib/python3.9/site-packages/sklearn/base.py:1474: ConvergenceWarning: Number of distinct clusters (1) found smaller than n_clusters (2). Possibly due to duplicate points in X.
  return fit_method(estimator, *args, **kwargs)
WARNING: Maximum number of iterations 32 reached. The mean may be inaccurate
WARNING: Maximum number of iterations 32 reached. The mean may be inaccurate
WARNING: Maximum number of iterations 32 reached. The mean may be inaccurate
WARNING: Maximum number of iterations 32 reached. The mean may be inaccurate
WARNING: Maximum number of iterations 32 reached. The mean may be inaccurate
WARNING: Maximum number of iterations 32 reached. The mean may be inaccurate
WARNING: Maximum number of iterations 32 reached. The mean may be inaccurate
WARNING: Maximum number of iterations 32 reached. The mean may be inaccurate
WARNING: Maximum number of iterations 32 reached. The mean may be inaccurate
WARNING: Maximum number of iterations 32 reached. The mean may be inaccurate
WARNING: Maximum number of iterations 32 reached. The mean may be inaccurate
WARNING: Maximum number of iterations 32 reached. The mean may be inaccurate
WARNING: Maximum number of iterations 32 reached. The mean may be inaccurate
WARNING: Maximum number of iterations 32 reached. The mean may be inaccurate
WARNING: Maximum number of iterations 32 reached. The mean may be inaccurate
WARNING: Maximum number of iterations 32 reached. The mean may be inaccurate
WARNING: Maximum number of iterations 32 reached. The mean may be inaccurate
WARNING: Maximum number of iterations 32 reached. The mean may be inaccurate
WARNING: Maximum number of iterations 32 reached. The mean may be inaccurate
WARNING: Maximum number of iterations 32 reached. The mean may be inaccurate
WARNING: Maximum number of iterations 32 reached. The mean may be inaccurate
WARNING: Maximum number of iterations 32 reached. The mean may be inaccurate
WARNING: Maximum number of iterations 32 reached. The mean may be inaccurate
WARNING: Maximum number of iterations 32 reached. The mean may be inaccurate
WARNING: Maximum number of iterations 32 reached. The mean may be inaccurate
WARNING: Maximum number of iterations 32 reached. The mean may be inaccurate
WARNING: Maximum number of iterations 32 reached. The mean may be inaccurate
WARNING: Maximum number of iterations 32 reached. The mean may be inaccurate
WARNING: Maximum number of iterations 32 reached. The mean may be inaccurate
WARNING: Maximum number of iterations 32 reached. The mean may be inaccurate
WARNING: Maximum number of iterations 32 reached. The mean may be inaccurate
WARNING: Maximum number of iterations 32 reached. The mean may be inaccurate
WARNING: Maximum number of iterations 32 reached. The mean may be inaccurate
WARNING: Maximum number of iterations 32 reached. The mean may be inaccurate
WARNING: Maximum number of iterations 32 reached. The mean may be inaccurate
WARNING: Maximum number of iterations 32 reached. The mean may be inaccurate
WARNING: Maximum number of iterations 32 reached. The mean may be inaccurate
WARNING: Maximum number of iterations 32 reached. The mean may be inaccurate
WARNING: Maximum number of iterations 32 reached. The mean may be inaccurate
WARNING: Maximum number of iterations 32 reached. The mean may be inaccurate
WARNING: Maximum number of iterations 32 reached. The mean may be inaccurate
[Parallel(n_jobs=-1)]: Done  47 out of  64 | elapsed: 95.1min remaining: 34.4min
WARNING: Maximum number of iterations 32 reached. The mean may be inaccurate
WARNING: Maximum number of iterations 32 reached. The mean may be inaccurate
[Parallel(n_jobs=-1)]: Done  49 out of  64 | elapsed: 95.4min remaining: 29.2min
[Parallel(n_jobs=-1)]: Done  51 out of  64 | elapsed: 95.6min remaining: 24.4min
WARNING: Maximum number of iterations 32 reached. The mean may be inaccurate
WARNING: Maximum number of iterations 32 reached. The mean may be inaccurate
WARNING: Maximum number of iterations 32 reached. The mean may be inaccurate
[Parallel(n_jobs=-1)]: Done  53 out of  64 | elapsed: 95.7min remaining: 19.9min
WARNING: Maximum number of iterations 32 reached. The mean may be inaccurate
WARNING: Maximum number of iterations 32 reached. The mean may be inaccurate
WARNING: Maximum number of iterations 32 reached. The mean may be inaccurate
WARNING: Maximum number of iterations 32 reached. The mean may be inaccurate
WARNING: Maximum number of iterations 32 reached. The mean may be inaccurate
WARNING: Maximum number of iterations 32 reached. The mean may be inaccurate
WARNING: Maximum number of iterations 32 reached. The mean may be inaccurate
WARNING: Maximum number of iterations 32 reached. The mean may be inaccurate
WARNING: Maximum number of iterations 32 reached. The mean may be inaccurate
WARNING: Maximum number of iterations 32 reached. The mean may be inaccurate
WARNING: Maximum number of iterations 32 reached. The mean may be inaccurate
WARNING: Maximum number of iterations 32 reached. The mean may be inaccurate
WARNING: Maximum number of iterations 32 reached. The mean may be inaccurate
WARNING: Maximum number of iterations 32 reached. The mean may be inaccurate
[Parallel(n_jobs=-1)]: Done  55 out of  64 | elapsed: 95.8min remaining: 15.7min
WARNING: Maximum number of iterations 32 reached. The mean may be inaccurate
WARNING: Maximum number of iterations 32 reached. The mean may be inaccurate
WARNING: Maximum number of iterations 32 reached. The mean may be inaccurate
WARNING: Maximum number of iterations 32 reached. The mean may be inaccurate
WARNING: Maximum number of iterations 32 reached. The mean may be inaccurate
[Parallel(n_jobs=-1)]: Done  57 out of  64 | elapsed: 95.9min remaining: 11.8min
WARNING: Maximum number of iterations 32 reached. The mean may be inaccurate
WARNING: Maximum number of iterations 32 reached. The mean may be inaccurate
WARNING: Maximum number of iterations 32 reached. The mean may be inaccurate
WARNING: Maximum number of iterations 32 reached. The mean may be inaccurate
WARNING: Maximum number of iterations 32 reached. The mean may be inaccurate
WARNING: Maximum number of iterations 32 reached. The mean may be inaccurate
WARNING: Maximum number of iterations 32 reached. The mean may be inaccurate
WARNING: Maximum number of iterations 32 reached. The mean may be inaccurate
[Parallel(n_jobs=-1)]: Done  59 out of  64 | elapsed: 95.9min remaining:  8.1min
[Parallel(n_jobs=-1)]: Done  61 out of  64 | elapsed: 96.0min remaining:  4.7min
WARNING: Maximum number of iterations 32 reached. The mean may be inaccurate
[Parallel(n_jobs=-1)]: Done  64 out of  64 | elapsed: 96.0min finished
Auto packing the repository in background for optimum performance.
See "git help gc" for manual housekeeping.
[main 56c3738] Simulations S2 block 35
 129 files changed, 1373 insertions(+)
 create mode 100644 simulations_S2/results/S2_Samp72_N500_spiral0_sigma1_block_34_results.pkl
 create mode 100644 simulations_S2/results/S2_Samp72_N500_spiral0_sigma2_block_34_results.pkl
 create mode 100644 simulations_S2/results/S2_Samp72_N500_spiral0_sigma3_block_34_results.pkl
 create mode 100644 simulations_S2/results/S2_Samp72_N500_spiral0_sigma4_block_34_results.pkl
 create mode 100644 simulations_S2/results/S2_Samp72_N500_spiral1_sigma1_block_34_results.pkl
 create mode 100644 simulations_S2/results/S2_Samp72_N500_spiral1_sigma2_block_34_results.pkl
 create mode 100644 simulations_S2/results/S2_Samp72_N500_spiral1_sigma3_block_34_results.pkl
 create mode 100644 simulations_S2/results/S2_Samp72_N500_spiral1_sigma4_block_34_results.pkl
 create mode 100644 simulations_S2/results/S2_Samp73_N500_spiral0_sigma1_block_34_results.pkl
 create mode 100644 simulations_S2/results/S2_Samp73_N500_spiral0_sigma2_block_34_results.pkl
 create mode 100644 simulations_S2/results/S2_Samp73_N500_spiral0_sigma3_block_34_results.pkl
 create mode 100644 simulations_S2/results/S2_Samp73_N500_spiral1_sigma1_block_34_results.pkl
 create mode 100644 simulations_S2/results/S2_Samp73_N500_spiral1_sigma2_block_34_results.pkl
 create mode 100644 simulations_S2/results/S2_Samp73_N500_spiral1_sigma3_block_34_results.pkl
 create mode 100644 simulations_S2/results/S2_Samp73_N500_spiral1_sigma4_block_34_results.pkl
 create mode 100644 simulations_S2/results/S2_Samp74_N500_spiral0_sigma1_block_34_results.pkl
 create mode 100644 simulations_S2/results/S2_Samp74_N500_spiral0_sigma2_block_34_results.pkl
 create mode 100644 simulations_S2/results/S2_Samp74_N500_spiral0_sigma3_block_34_results.pkl
 create mode 100644 simulations_S2/results/S2_Samp74_N500_spiral0_sigma4_block_35_results.pkl
 create mode 100644 simulations_S2/results/S2_Samp74_N500_spiral1_sigma1_block_35_results.pkl
 create mode 100644 simulations_S2/results/S2_Samp74_N500_spiral1_sigma2_block_35_results.pkl
 create mode 100644 simulations_S2/results/S2_Samp74_N500_spiral1_sigma3_block_35_results.pkl
 create mode 100644 simulations_S2/results/S2_Samp74_N500_spiral1_sigma4_block_35_results.pkl
 create mode 100644 simulations_S2/results/S2_Samp75_N500_spiral0_sigma1_block_35_results.pkl
 create mode 100644 simulations_S2/results/S2_Samp75_N500_spiral0_sigma2_block_35_results.pkl
 create mode 100644 simulations_S2/results/S2_Samp75_N500_spiral1_sigma1_block_35_results.pkl
 create mode 100644 simulations_S2/results/S2_Samp75_N500_spiral1_sigma2_block_35_results.pkl
 create mode 100644 simulations_S2/results/S2_Samp75_N500_spiral1_sigma3_block_35_results.pkl
 create mode 100644 simulations_S2/results/S2_Samp75_N500_spiral1_sigma4_block_35_results.pkl
 create mode 100644 simulations_S2/results/S2_Samp76_N500_spiral0_sigma1_block_35_results.pkl
 create mode 100644 simulations_S2/results/S2_Samp76_N500_spiral0_sigma2_block_35_results.pkl
 create mode 100644 simulations_S2/results/S2_Samp76_N500_spiral0_sigma3_block_35_results.pkl
 create mode 100644 simulations_S2/results/S2_Samp76_N500_spiral0_sigma4_block_35_results.pkl
 create mode 100644 simulations_S2/results/S2_Samp76_N500_spiral1_sigma1_block_35_results.pkl
 create mode 100644 simulations_S2/results/S2_Samp76_N500_spiral1_sigma2_block_35_results.pkl
 create mode 100644 simulations_S2/results/S2_Samp78_N100_spiral0_sigma2_block_41_results.pkl
 create mode 100644 simulations_S2/results/S2_Samp78_N100_spiral0_sigma3_block_41_results.pkl
 create mode 100644 simulations_S2/results/S2_Samp78_N100_spiral0_sigma4_block_41_results.pkl
 create mode 100644 simulations_S2/results/S2_Samp78_N100_spiral1_sigma1_block_41_results.pkl
 create mode 100644 simulations_S2/results/S2_Samp78_N100_spiral1_sigma2_block_41_results.pkl
 create mode 100644 simulations_S2/results/S2_Samp78_N100_spiral1_sigma3_block_41_results.pkl
 create mode 100644 simulations_S2/results/S2_Samp79_N100_spiral0_sigma1_block_41_results.pkl
 create mode 100644 simulations_S2/results/S2_Samp79_N100_spiral0_sigma2_block_41_results.pkl
 create mode 100644 simulations_S2/results/S2_Samp79_N100_spiral0_sigma3_block_41_results.pkl
 create mode 100644 simulations_S2/results/S2_Samp79_N100_spiral0_sigma4_block_41_results.pkl
 create mode 100644 simulations_S2/results/S2_Samp79_N100_spiral1_sigma1_block_41_results.pkl
 create mode 100644 simulations_S2/results/S2_Samp79_N100_spiral1_sigma2_block_41_results.pkl
 create mode 100644 simulations_S2/results/S2_Samp79_N100_spiral1_sigma3_block_41_results.pkl
 create mode 100644 simulations_S2/results/S2_Samp79_N100_spiral1_sigma4_block_41_results.pkl
 create mode 100644 simulations_S2/results/S2_Samp79_N200_spiral0_sigma3_block_37_results.pkl
 create mode 100644 simulations_S2/results/S2_Samp79_N200_spiral1_sigma2_block_37_results.pkl
 create mode 100644 simulations_S2/results/S2_Samp7_N100_spiral0_sigma2_block_42_results.pkl
 create mode 100644 simulations_S2/results/S2_Samp7_N100_spiral0_sigma3_block_42_results.pkl
 create mode 100644 simulations_S2/results/S2_Samp7_N100_spiral0_sigma4_block_42_results.pkl
 create mode 100644 simulations_S2/results/S2_Samp7_N100_spiral1_sigma2_block_42_results.pkl
 create mode 100644 simulations_S2/results/S2_Samp7_N100_spiral1_sigma3_block_42_results.pkl
 create mode 100644 simulations_S2/results/S2_Samp7_N100_spiral1_sigma4_block_42_results.pkl
 create mode 100644 simulations_S2/results/S2_Samp7_N200_spiral0_sigma2_block_37_results.pkl
 create mode 100644 simulations_S2/results/S2_Samp7_N200_spiral0_sigma4_block_37_results.pkl
 create mode 100644 simulations_S2/results/S2_Samp7_N200_spiral1_sigma2_block_37_results.pkl
 create mode 100644 simulations_S2/results/S2_Samp7_N200_spiral1_sigma3_block_37_results.pkl
 create mode 100644 simulations_S2/results/S2_Samp7_N500_spiral0_sigma3_block_34_results.pkl
 create mode 100644 simulations_S2/results/S2_Samp7_N500_spiral0_sigma4_block_34_results.pkl
 create mode 100644 simulations_S2/results/S2_Samp7_N500_spiral1_sigma1_block_35_results.pkl
 create mode 100644 simulations_S2/results/S2_Samp7_N500_spiral1_sigma2_block_35_results.pkl
 create mode 100644 simulations_S2/results/S2_Samp80_N100_spiral0_sigma1_block_42_results.pkl
 create mode 100644 simulations_S2/results/S2_Samp80_N100_spiral0_sigma2_block_42_results.pkl
 create mode 100644 simulations_S2/results/S2_Samp80_N100_spiral0_sigma4_block_42_results.pkl
 create mode 100644 simulations_S2/results/S2_Samp80_N100_spiral1_sigma1_block_42_results.pkl
 create mode 100644 simulations_S2/results/S2_Samp80_N100_spiral1_sigma2_block_42_results.pkl
 create mode 100644 simulations_S2/results/S2_Samp80_N100_spiral1_sigma3_block_42_results.pkl
 create mode 100644 simulations_S2/results/S2_Samp80_N100_spiral1_sigma4_block_42_results.pkl
 create mode 100644 simulations_S2/results/S2_Samp81_N100_spiral0_sigma1_block_43_results.pkl
 create mode 100644 simulations_S2/results/S2_Samp81_N100_spiral0_sigma2_block_43_results.pkl
 create mode 100644 simulations_S2/results/S2_Samp81_N100_spiral0_sigma3_block_43_results.pkl
 create mode 100644 simulations_S2/results/S2_Samp81_N100_spiral0_sigma4_block_43_results.pkl
 create mode 100644 simulations_S2/results/S2_Samp81_N100_spiral1_sigma1_block_43_results.pkl
 create mode 100644 simulations_S2/results/S2_Samp81_N100_spiral1_sigma2_block_43_results.pkl
 create mode 100644 simulations_S2/results/S2_Samp81_N100_spiral1_sigma3_block_43_results.pkl
 create mode 100644 simulations_S2/results/S2_Samp81_N100_spiral1_sigma4_block_43_results.pkl
 create mode 100644 simulations_S2/results/S2_Samp82_N100_spiral0_sigma1_block_43_results.pkl
 create mode 100644 simulations_S2/results/S2_Samp82_N100_spiral0_sigma2_block_43_results.pkl
 create mode 100644 simulations_S2/results/S2_Samp82_N100_spiral0_sigma3_block_43_results.pkl
 create mode 100644 simulations_S2/results/S2_Samp82_N100_spiral0_sigma4_block_43_results.pkl
 create mode 100644 simulations_S2/results/S2_Samp82_N100_spiral1_sigma1_block_43_results.pkl
 create mode 100644 simulations_S2/results/S2_Samp82_N100_spiral1_sigma2_block_43_results.pkl
 create mode 100644 simulations_S2/results/S2_Samp82_N100_spiral1_sigma3_block_43_results.pkl
 create mode 100644 simulations_S2/results/S2_Samp82_N100_spiral1_sigma4_block_43_results.pkl
 create mode 100644 simulations_S2/results/S2_Samp83_N100_spiral0_sigma1_block_44_results.pkl
 create mode 100644 simulations_S2/results/S2_Samp83_N100_spiral0_sigma2_block_44_results.pkl
 create mode 100644 simulations_S2/results/S2_Samp83_N100_spiral0_sigma3_block_44_results.pkl
 create mode 100644 simulations_S2/results/S2_Samp83_N100_spiral0_sigma4_block_44_results.pkl
 create mode 100644 simulations_S2/results/S2_Samp83_N100_spiral1_sigma1_block_44_results.pkl
 create mode 100644 simulations_S2/results/S2_Samp83_N100_spiral1_sigma2_block_44_results.pkl
 create mode 100644 simulations_S2/results/S2_Samp83_N100_spiral1_sigma3_block_44_results.pkl
 create mode 100644 simulations_S2/results/S2_Samp83_N100_spiral1_sigma4_block_44_results.pkl
 create mode 100644 simulations_S2/results/S2_Samp84_N100_spiral0_sigma1_block_44_results.pkl
 create mode 100644 simulations_S2/results/S2_Samp84_N100_spiral0_sigma2_block_44_results.pkl
 create mode 100644 simulations_S2/results/S2_Samp84_N100_spiral0_sigma3_block_44_results.pkl
 create mode 100644 simulations_S2/results/S2_Samp84_N100_spiral0_sigma4_block_44_results.pkl
 create mode 100644 simulations_S2/results/S2_Samp84_N100_spiral1_sigma1_block_44_results.pkl
 create mode 100644 simulations_S2/results/S2_Samp84_N100_spiral1_sigma2_block_44_results.pkl
 create mode 100644 simulations_S2/results/S2_Samp84_N100_spiral1_sigma3_block_44_results.pkl
 create mode 100644 simulations_S2/results/S2_Samp84_N100_spiral1_sigma4_block_44_results.pkl
 create mode 100644 simulations_S2/results/S2_Samp84_N50_spiral1_sigma1_block_45_results.pkl
 create mode 100644 simulations_S2/results/S2_Samp84_N50_spiral1_sigma4_block_45_results.pkl
 create mode 100644 simulations_S2/results/S2_Samp85_N50_spiral0_sigma1_block_45_results.pkl
 create mode 100644 simulations_S2/results/S2_Samp85_N50_spiral0_sigma2_block_45_results.pkl
 create mode 100644 simulations_S2/results/S2_Samp85_N50_spiral0_sigma3_block_45_results.pkl
 create mode 100644 simulations_S2/results/S2_Samp85_N50_spiral0_sigma4_block_45_results.pkl
 create mode 100644 simulations_S2/results/S2_Samp85_N50_spiral1_sigma1_block_45_results.pkl
 create mode 100644 simulations_S2/results/S2_Samp85_N50_spiral1_sigma2_block_45_results.pkl
 create mode 100644 simulations_S2/results/S2_Samp85_N50_spiral1_sigma3_block_45_results.pkl
 create mode 100644 simulations_S2/results/S2_Samp85_N50_spiral1_sigma4_block_45_results.pkl
 create mode 100644 simulations_S2/results/S2_Samp86_N50_spiral0_sigma2_block_45_results.pkl
 create mode 100644 slurm-S2-block46-jobid-6959491.out
To github.com:egarpor/pyfrechet.git
 ! [rejected]        main -> main (fetch first)
error: failed to push some refs to 'github.com:egarpor/pyfrechet.git'
hint: Updates were rejected because the remote contains work that you do
hint: not have locally. This is usually caused by another repository pushing
hint: to the same ref. You may want to first integrate the remote changes
hint: (e.g., 'git pull ...') before pushing again.
hint: See the 'Note about fast-forwards' in 'git push --help' for details.
